0 info it worked if it ends with ok
1 verbose cli [ 'C:\\Program Files\\nodejs\\node.exe',
1 verbose cli   'C:\\Program Files\\nodejs\\node_modules\\npm\\bin\\npm-cli.js',
1 verbose cli   'publish' ]
2 info using npm@4.1.2
3 info using node@v7.5.0
4 verbose publish [ '.' ]
5 silly cache add args [ '.', null ]
6 verbose cache add spec .
7 silly cache add parsed spec Result {
7 silly cache add   raw: '.',
7 silly cache add   scope: null,
7 silly cache add   escapedName: null,
7 silly cache add   name: null,
7 silly cache add   rawSpec: '.',
7 silly cache add   spec: 'D:\\ES6_new\\node',
7 silly cache add   type: 'directory' }
8 verbose addLocalDirectory C:\Users\Administrator\AppData\Roaming\npm-cache\runoob\1.0.0\package.tgz not in flight; packing
9 verbose correctMkdir C:\Users\Administrator\AppData\Roaming\npm-cache correctMkdir not in flight; initializing
10 info lifecycle runoob@1.0.0~prepublish: runoob@1.0.0
11 silly lifecycle runoob@1.0.0~prepublish: no script for prepublish, continuing
12 info lifecycle runoob@1.0.0~prepare: runoob@1.0.0
13 silly lifecycle runoob@1.0.0~prepare: no script for prepare, continuing
14 verbose tar pack [ 'C:\\Users\\Administrator\\AppData\\Roaming\\npm-cache\\runoob\\1.0.0\\package.tgz',
14 verbose tar pack   'D:\\ES6_new\\node' ]
15 verbose tarball C:\Users\Administrator\AppData\Roaming\npm-cache\runoob\1.0.0\package.tgz
16 verbose folder D:\ES6_new\node
17 verbose addLocalTarball adding from inside cache C:\Users\Administrator\AppData\Roaming\npm-cache\runoob\1.0.0\package.tgz
18 verbose correctMkdir C:\Users\Administrator\AppData\Roaming\npm-cache correctMkdir not in flight; initializing
19 silly cache afterAdd runoob@1.0.0
20 verbose afterAdd C:\Users\Administrator\AppData\Roaming\npm-cache\runoob\1.0.0\package\package.json not in flight; writing
21 verbose correctMkdir C:\Users\Administrator\AppData\Roaming\npm-cache correctMkdir not in flight; initializing
22 verbose afterAdd C:\Users\Administrator\AppData\Roaming\npm-cache\runoob\1.0.0\package\package.json written
23 silly publish { name: 'runoob',
23 silly publish   version: '1.0.0',
23 silly publish   description: 'Node.js测试',
23 silly publish   main: 'express.js',
23 silly publish   dependencies: { express: '^4.16.2' },
23 silly publish   devDependencies: {},
23 silly publish   scripts: { test: 'make test' },
23 silly publish   repository:
23 silly publish    { type: 'git',
23 silly publish      url: 'git+https://github.com/mx1120/node.js.git' },
23 silly publish   author: { name: 'mengxiang' },
23 silly publish   license: 'ISC',
23 silly publish   bugs: { url: 'https://github.com/mx1120/node.js/issues' },
23 silly publish   homepage: 'https://github.com/mx1120/node.js#readme',
23 silly publish   readme: 'ERROR: No README data found!',
23 silly publish   _id: 'runoob@1.0.0',
23 silly publish   _shasum: '7a301d1efa04fc065bcd99a5dd8a1c6d931a83a4',
23 silly publish   _from: '.' }
24 info lifecycle runoob@1.0.0~prepublishOnly: runoob@1.0.0
25 silly lifecycle runoob@1.0.0~prepublishOnly: no script for prepublishOnly, continuing
26 verbose getPublishConfig undefined
27 silly mapToRegistry name runoob
28 silly mapToRegistry using default registry
29 silly mapToRegistry registry https://registry.npm.taobao.org/
30 silly mapToRegistry data Result {
30 silly mapToRegistry   raw: 'runoob',
30 silly mapToRegistry   scope: null,
30 silly mapToRegistry   escapedName: 'runoob',
30 silly mapToRegistry   name: 'runoob',
30 silly mapToRegistry   rawSpec: '',
30 silly mapToRegistry   spec: 'latest',
30 silly mapToRegistry   type: 'tag' }
31 silly mapToRegistry uri https://registry.npm.taobao.org/runoob
32 verbose publish registryBase https://registry.npm.taobao.org/
33 silly publish uploading C:\Users\Administrator\AppData\Roaming\npm-cache\runoob\1.0.0\package.tgz
34 verbose request uri https://registry.npm.taobao.org/runoob
35 verbose request sending authorization for write operation
36 info attempt registry request try #1 at 11:16:43
37 verbose request id efeb3863a4ebd198
38 http request PUT https://registry.npm.taobao.org/runoob
39 http 403 https://registry.npm.taobao.org/runoob
40 verbose headers { date: 'Wed, 28 Feb 2018 03:14:39 GMT',
40 verbose headers   'content-type': 'application/json; charset=utf-8',
40 verbose headers   'content-length': '87',
40 verbose headers   connection: 'keep-alive',
40 verbose headers   'x-current-requests': '1',
40 verbose headers   'x-readtime': '5' }
41 verbose request invalidating C:\Users\Administrator\AppData\Roaming\npm-cache\registry.npm.taobao.org\runoob on PUT
42 error publish Failed PUT 403
43 verbose stack Error: no_perms Private mode enable, only admin can publish this module: runoob
43 verbose stack     at makeError (C:\Program Files\nodejs\node_modules\npm\node_modules\npm-registry-client\lib\request.js:304:12)
43 verbose stack     at CachingRegistryClient.<anonymous> (C:\Program Files\nodejs\node_modules\npm\node_modules\npm-registry-client\lib\request.js:292:14)
43 verbose stack     at Request._callback (C:\Program Files\nodejs\node_modules\npm\node_modules\npm-registry-client\lib\request.js:212:14)
43 verbose stack     at Request.self.callback (C:\Program Files\nodejs\node_modules\npm\node_modules\request\request.js:186:22)
43 verbose stack     at emitTwo (events.js:106:13)
43 verbose stack     at Request.emit (events.js:192:7)
43 verbose stack     at Request.<anonymous> (C:\Program Files\nodejs\node_modules\npm\node_modules\request\request.js:1081:10)
43 verbose stack     at emitOne (events.js:96:13)
43 verbose stack     at Request.emit (events.js:189:7)
43 verbose stack     at IncomingMessage.<anonymous> (C:\Program Files\nodejs\node_modules\npm\node_modules\request\request.js:1001:12)
44 verbose statusCode 403
45 verbose pkgid runoob
46 verbose cwd D:\ES6_new\node
47 error Windows_NT 6.1.7601
48 error argv "C:\\Program Files\\nodejs\\node.exe" "C:\\Program Files\\nodejs\\node_modules\\npm\\bin\\npm-cli.js" "publish"
49 error node v7.5.0
50 error npm  v4.1.2
51 error code E403
52 error no_perms Private mode enable, only admin can publish this module: runoob
53 error If you need help, you may report this error at:
53 error     <https://github.com/npm/npm/issues>
54 verbose exit [ 1, true ]
